<?xml version="1.0" encoding="UTF-8"?>
<testng-results ignored="0" total="2" passed="2" failed="0" skipped="0">
  <reporter-output>
  </reporter-output>
  <suite started-at="2026-06-20T05:24:50 IST" name="Suite" finished-at="2026-06-20T05:25:00 IST" duration-ms="9834">
    <groups>
      <group name="Master">
        <method signature="TC001_Creationofuseraccount.verify_account_registration()[pri:0, instance:testCases.TC001_Creationofuseraccount@fa36558]" name="verify_account_registration" class="testCases.TC001_Creationofuseraccount"/>
        <method signature="TC002_LoginTest.verify_login()[pri:0, instance:testCases.TC002_LoginTest@3571b748]" name="verify_login" class="testCases.TC002_LoginTest"/>
      </group> <!-- Master -->
      <group name="Sanity">
        <method signature="TC002_LoginTest.verify_login()[pri:0, instance:testCases.TC002_LoginTest@3571b748]" name="verify_login" class="testCases.TC002_LoginTest"/>
      </group> <!-- Sanity -->
      <group name="Regression">
        <method signature="TC001_Creationofuseraccount.verify_account_registration()[pri:0, instance:testCases.TC001_Creationofuseraccount@fa36558]" name="verify_account_registration" class="testCases.TC001_Creationofuseraccount"/>
      </group> <!-- Regression -->
    </groups>
    <test started-at="2026-06-20T05:24:50 IST" name="Test" finished-at="2026-06-20T05:25:00 IST" duration-ms="9834">
      <class name="testCases.TC002_LoginTest">
        <test-method is-config="true" signature="setup(java.lang.String,java.lang.String)[pri:0, instance:testCases.TC002_LoginTest@3571b748]" started-at="2026-06-20T05:24:56 IST" name="setup" finished-at="2026-06-20T05:24:58 IST" duration-ms="1831" status="PASS">
          <params>
            <param index="0">
              <value>
                <![CDATA[windows]]>
              </value>
            </param>
            <param index="1">
              <value>
                <![CDATA[chrome]]>
              </value>
            </param>
          </params>
          <reporter-output>
          </reporter-output>
        </test-method> <!-- setup -->
        <test-method signature="verify_login()[pri:0, instance:testCases.TC002_LoginTest@3571b748]" started-at="2026-06-20T05:24:58 IST" name="verify_login" finished-at="2026-06-20T05:25:00 IST" duration-ms="1675" status="PASS">
          <reporter-output>
          </reporter-output>
        </test-method> <!-- verify_login -->
        <test-method is-config="true" signature="tearDown()[pri:0, instance:testCases.TC002_LoginTest@3571b748]" started-at="2026-06-20T05:25:00 IST" name="tearDown" finished-at="2026-06-20T05:25:00 IST" duration-ms="172" status="PASS">
          <reporter-output>
          </reporter-output>
        </test-method> <!-- tearDown -->
      </class> <!-- testCases.TC002_LoginTest -->
      <class name="testCases.TC001_Creationofuseraccount">
        <test-method is-config="true" signature="setup(java.lang.String,java.lang.String)[pri:0, instance:testCases.TC001_Creationofuseraccount@fa36558]" started-at="2026-06-20T05:24:50 IST" name="setup" finished-at="2026-06-20T05:24:53 IST" duration-ms="3096" status="PASS">
          <params>
            <param index="0">
              <value>
                <![CDATA[windows]]>
              </value>
            </param>
            <param index="1">
              <value>
                <![CDATA[chrome]]>
              </value>
            </param>
          </params>
          <reporter-output>
          </reporter-output>
        </test-method> <!-- setup -->
        <test-method signature="verify_account_registration()[pri:0, instance:testCases.TC001_Creationofuseraccount@fa36558]" started-at="2026-06-20T05:24:53 IST" name="verify_account_registration" finished-at="2026-06-20T05:24:56 IST" duration-ms="2667" status="PASS">
          <reporter-output>
          </reporter-output>
        </test-method> <!-- verify_account_registration -->
        <test-method is-config="true" signature="tearDown()[pri:0, instance:testCases.TC001_Creationofuseraccount@fa36558]" started-at="2026-06-20T05:24:56 IST" name="tearDown" finished-at="2026-06-20T05:24:56 IST" duration-ms="205" status="PASS">
          <reporter-output>
          </reporter-output>
        </test-method> <!-- tearDown -->
      </class> <!-- testCases.TC001_Creationofuseraccount -->
    </test> <!-- Test -->
  </suite> <!-- Suite -->
</testng-results>
