<?xml version="1.0" encoding="UTF-8"?>
<testsuite xmlns:xsi="http://www.w3.org/2001/XMLSchema-instance" xsi:noNamespaceSchemaLocation="https://maven.apache.org/surefire/maven-surefire-plugin/xsd/surefire-test-report-3.0.xsd" version="3.0" name="TestSuite" time="10.664" tests="2" errors="0" skipped="0" failures="0">
  <properties>
[...]
</properties>
  <testcase name="verify_account_registration" classname="testCases.TC001_Creationofuseraccount" time="2.672">
    <system-out><![CDATA[05:24:50.459 [main] DEBUG org.testng.TestNG -- suiteXmlPath: "C:\Users\tanne\eclipse-workspace\Opencart\master.xml"
2026-06-20 05:24:54.013 [main] INFO  testCases.TC001_Creationofuseraccount - ****Started execution of TC001_Creationofuseraccount***
2026-06-20 05:24:54.013 [main] DEBUG testCases.TC001_Creationofuseraccount - ****Started execution of TC001_Creationofuseraccount***
2026-06-20 05:24:56.625 [main] DEBUG testCases.TC001_Creationofuseraccount - Current Page Title: Your Account Has Been Created!
2026-06-20 05:24:56.636 [main] DEBUG testCases.TC001_Creationofuseraccount - Current Page Title: https://tutorialsninja.com/demo/index.php?route=account/success
2026-06-20 05:24:56.661 [main] INFO  testCases.TC001_Creationofuseraccount - ****Ended execution of TC001_Creationofuseraccount***
]]></system-out>
    <system-err><![CDATA[Jun 20, 2026 5:24:52 AM org.openqa.selenium.devtools.CdpVersionFinder findNearestMatch
WARNING: Unable to find CDP implementation matching 148
Jun 20, 2026 5:24:52 AM org.openqa.selenium.chromium.ChromiumDriver lambda$new$4
WARNING: Unable to find version of CDP to use for 148.0.7778.217. You may need to include a dependency on a specific version of the CDP using something similar to `org.seleniumhq.selenium:selenium-devtools-v86:4.32.0` where the version ("v86") matches the version of the chromium-based browser you're using and the version number of the artifact is the same as Selenium's.
]]></system-err>
  </testcase>
  <testcase name="verify_login" classname="testCases.TC002_LoginTest" time="1.679">
    <system-out><![CDATA[2026-06-20 05:24:58.704 [main] INFO  testCases.TC002_LoginTest - ****Started execution of TC002_LoginTest***
2026-06-20 05:25:00.378 [main] INFO  testCases.TC002_LoginTest - ****Ended execution of TC002_LoginTest***
]]></system-out>
    <system-err><![CDATA[Jun 20, 2026 5:24:57 AM org.openqa.selenium.devtools.CdpVersionFinder findNearestMatch
WARNING: Unable to find CDP implementation matching 148
Jun 20, 2026 5:24:57 AM org.openqa.selenium.chromium.ChromiumDriver lambda$new$4
WARNING: Unable to find version of CDP to use for 148.0.7778.217. You may need to include a dependency on a specific version of the CDP using something similar to `org.seleniumhq.selenium:selenium-devtools-v86:4.32.0` where the version ("v86") matches the version of the chromium-based browser you're using and the version number of the artifact is the same as Selenium's.
]]></system-err>
  </testcase>
</testsuite>