<?xml version="1.0" encoding="UTF-8"?>
<testng-results ignored="0" total="2" passed="2" failed="0" skipped="0">
  <reporter-output>
  </reporter-output>
  <suite started-at="2026-06-20T04:20:33 IST" name="Suite" finished-at="2026-06-20T04:20:43 IST" duration-ms="9796">
    <groups>
      <group name="Master">
        <method signature="TC001_Creationofuseraccount.verify_account_registration()[pri:0, instance:testCases.TC001_Creationofuseraccount@793be5ca]" name="verify_account_registration" class="testCases.TC001_Creationofuseraccount"/>
        <method signature="TC002_LoginTest.verify_login()[pri:0, instance:testCases.TC002_LoginTest@50b5ac82]" name="verify_login" class="testCases.TC002_LoginTest"/>
      </group> <!-- Master -->
      <group name="Sanity">
        <method signature="TC002_LoginTest.verify_login()[pri:0, instance:testCases.TC002_LoginTest@50b5ac82]" name="verify_login" class="testCases.TC002_LoginTest"/>
      </group> <!-- Sanity -->
      <group name="Regression">
        <method signature="TC001_Creationofuseraccount.verify_account_registration()[pri:0, instance:testCases.TC001_Creationofuseraccount@793be5ca]" name="verify_account_registration" class="testCases.TC001_Creationofuseraccount"/>
      </group> <!-- Regression -->
    </groups>
    <test started-at="2026-06-20T04:20:33 IST" name="Test" finished-at="2026-06-20T04:20:43 IST" duration-ms="9796">
      <class name="testCases.TC002_LoginTest">
        <test-method is-config="true" signature="setup(java.lang.String,java.lang.String)[pri:0, instance:testCases.TC002_LoginTest@50b5ac82]" started-at="2026-06-20T04:20:40 IST" name="setup" finished-at="2026-06-20T04:20:42 IST" duration-ms="2084" status="PASS">
          <params>
            <param index="0">
              <value>
                <![CDATA[windows]]>
              </value>
            </param>
            <param index="1">
              <value>
                <![CDATA[chrome]]>
              </value>
            </param>
          </params>
          <reporter-output>
          </reporter-output>
        </test-method> <!-- setup -->
        <test-method signature="verify_login()[pri:0, instance:testCases.TC002_LoginTest@50b5ac82]" started-at="2026-06-20T04:20:42 IST" name="verify_login" finished-at="2026-06-20T04:20:43 IST" duration-ms="1362" status="PASS">
          <reporter-output>
          </reporter-output>
        </test-method> <!-- verify_login -->
        <test-method is-config="true" signature="tearDown()[pri:0, instance:testCases.TC002_LoginTest@50b5ac82]" started-at="2026-06-20T04:20:43 IST" name="tearDown" finished-at="2026-06-20T04:20:43 IST" duration-ms="173" status="PASS">
          <reporter-output>
          </reporter-output>
        </test-method> <!-- tearDown -->
      </class> <!-- testCases.TC002_LoginTest -->
      <class name="testCases.TC001_Creationofuseraccount">
        <test-method is-config="true" signature="setup(java.lang.String,java.lang.String)[pri:0, instance:testCases.TC001_Creationofuseraccount@793be5ca]" started-at="2026-06-20T04:20:34 IST" name="setup" finished-at="2026-06-20T04:20:36 IST" duration-ms="2945" status="PASS">
          <params>
            <param index="0">
              <value>
                <![CDATA[windows]]>
              </value>
            </param>
            <param index="1">
              <value>
                <![CDATA[chrome]]>
              </value>
            </param>
          </params>
          <reporter-output>
          </reporter-output>
        </test-method> <!-- setup -->
        <test-method signature="verify_account_registration()[pri:0, instance:testCases.TC001_Creationofuseraccount@793be5ca]" started-at="2026-06-20T04:20:36 IST" name="verify_account_registration" finished-at="2026-06-20T04:20:39 IST" duration-ms="2786" status="PASS">
          <reporter-output>
          </reporter-output>
        </test-method> <!-- verify_account_registration -->
        <test-method is-config="true" signature="tearDown()[pri:0, instance:testCases.TC001_Creationofuseraccount@793be5ca]" started-at="2026-06-20T04:20:39 IST" name="tearDown" finished-at="2026-06-20T04:20:40 IST" duration-ms="223" status="PASS">
          <reporter-output>
          </reporter-output>
        </test-method> <!-- tearDown -->
      </class> <!-- testCases.TC001_Creationofuseraccount -->
    </test> <!-- Test -->
  </suite> <!-- Suite -->
</testng-results>
